<?xml version="1.0" encoding="UTF-8"?>
<testsuite name="FunctionalTests" tests="5" skipped="0" failures="0" errors="0" timestamp="2021-11-09T13:59:35" hostname="ACER-ПК" time="0.811">
  <properties/>
  <testcase name="shouldSelectOrganizationsBySelectedProducts()" classname="FunctionalTests" time="0.493"/>
  <testcase name="shouldSelectProductsListSuppliedByOrganizations()" classname="FunctionalTests" time="0.098"/>
  <testcase name="shouldCalculateAveragePriceForPeriod()" classname="FunctionalTests" time="0.077"/>
  <testcase name="shouldCalculateProductQuantityAndSumForPeriod()" classname="FunctionalTests" time="0.075"/>
  <testcase name="shouldSelectTenOrganizationsThatDeliveredMoreProducts()" classname="FunctionalTests" time="0.063"/>
  <system-out><![CDATA[Organization{name='Organization8', TIN='0008', currentAccount='0000'} 100000.0
Organization{name='Organization2', TIN='0002', currentAccount='0000'} 750.0
Organization{name='Organization7', TIN='0007', currentAccount='0000'} 20000.0
Organization{name='Organization1', TIN='0001', currentAccount='0000'} 10000.0
Product{name='Product1', internalCode='0100'} Organization{name='Organization1', TIN='0001', currentAccount='0000'}
Product{name='Product2', internalCode='0200'} Organization{name='Organization1', TIN='0001', currentAccount='0000'}
Product{name='Product1', internalCode='0100'} Organization{name='Organization2', TIN='0002', currentAccount='0000'}
Product{name='Product2', internalCode='0200'} Organization{name='Organization2', TIN='0002', currentAccount='0000'}
Product{name='Product3', internalCode='0300'} Organization{name='Organization3', TIN='0003', currentAccount='0000'}
Product{name='null', internalCode='null'} Organization{name='Organization4', TIN='0004', currentAccount='0000'}
Product{name='null', internalCode='null'} Organization{name='Organization5', TIN='0005', currentAccount='0000'}
Product{name='null', internalCode='null'} Organization{name='Organization6', TIN='0006', currentAccount='0000'}
Product{name='null', internalCode='null'} Organization{name='Organization7', TIN='0007', currentAccount='0000'}
Product{name='null', internalCode='null'} Organization{name='Organization8', TIN='0008', currentAccount='0000'}
Product{name='null', internalCode='null'} Organization{name='Organization9', TIN='0009', currentAccount='0000'}
Product{name='null', internalCode='null'} Organization{name='Organization10', TIN='0010', currentAccount='0000'}
Product{name='Product5', internalCode='0500'} Organization{name='Organization11', TIN='0011', currentAccount='0000'}

Product{name='Product1', internalCode='0100'} 150.0
Product{name='Product2', internalCode='0200'} 200.0
Product{name='Product3', internalCode='0300'} 51.0
Product{name='Product5', internalCode='0500'} 257.5

Organization{name='Organization7', TIN='0007', currentAccount='0000'}
Organization{name='Organization1', TIN='0001', currentAccount='0000'}
Organization{name='Organization8', TIN='0008', currentAccount='0000'}
Organization{name='Organization2', TIN='0002', currentAccount='0000'}
Organization{name='Organization3', TIN='0003', currentAccount='0000'}
Organization{name='Organization5', TIN='0005', currentAccount='0000'}
Organization{name='Organization6', TIN='0006', currentAccount='0000'}
Organization{name='Organization9', TIN='0009', currentAccount='0000'}
Organization{name='Organization11', TIN='0011', currentAccount='0000'}
Organization{name='Organization4', TIN='0004', currentAccount='0000'}
]]></system-out>
  <system-err><![CDATA[]]></system-err>
</testsuite>
